<?xml version="1.0" encoding="UTF-8"?>
<!-- Generated by org.testng.reporters.JUnitReportReporter -->
<testsuite hostname="Surya_Shruthi" failures="0" tests="9" name="api.test.DataDrivenTests" time="11.935" errors="0" timestamp="2024-01-29T09:25:01 IST" skipped="0">
  <testcase classname="api.test.DataDrivenTests" name="testPostUser" time="1.088"/>
  <testcase classname="api.test.DataDrivenTests" name="testPostUser" time="1.144"/>
  <testcase classname="api.test.DataDrivenTests" name="testPostUser" time="3.086"/>
  <testcase classname="api.test.DataDrivenTests" name="testGetUserByName" time="1.135"/>
  <testcase classname="api.test.DataDrivenTests" name="testGetUserByName" time="1.116"/>
  <testcase classname="api.test.DataDrivenTests" name="testGetUserByName" time="1.154"/>
  <testcase classname="api.test.DataDrivenTests" name="testDeleteUserByName" time="1.081"/>
  <testcase classname="api.test.DataDrivenTests" name="testDeleteUserByName" time="1.074"/>
  <testcase classname="api.test.DataDrivenTests" name="testDeleteUserByName" time="1.057"/>
</testsuite> <!-- api.test.DataDrivenTests -->
